1736332375.502627 client started (207839): version 3.4, socket /tmp/tmux-1002/default, protocol 8
1736332375.505540 on Linux 5.15.146.1-microsoft-standard-WSL2 #1 SMP Thu Jan 11 04:09:03 UTC 2024
1736332375.505549 using libevent 2.1.12-stable poll
1736332375.505551 using ncurses 6.4 20240113
1736332375.505562 flags are 0x10010000
1736332375.505571 socket is /tmp/tmux-1002/default
1736332375.505580 trying connect
1736332375.505666 add peer 0x55dd5459a090: 6 ((nil))
1736332375.505905 sending message 100 to peer 0x55dd5459a090 (4 bytes)
1736332375.505911 sending message 111 to peer 0x55dd5459a090 (8 bytes)
1736332375.505913 sending message 101 to peer 0x55dd5459a090 (15 bytes)
1736332375.505915 sending message 109 to peer 0x55dd5459a090 (4 bytes)
1736332375.505917 sending message 102 to peer 0x55dd5459a090 (11 bytes)
1736332375.505918 sending message 108 to peer 0x55dd5459a090 (20 bytes)
1736332375.505920 sending message 112 to peer 0x55dd5459a090 (58 bytes)
1736332375.505922 sending message 112 to peer 0x55dd5459a090 (5 bytes)
1736332375.505924 sending message 112 to peer 0x55dd5459a090 (5 bytes)
1736332375.505926 sending message 112 to peer 0x55dd5459a090 (6 bytes)
1736332375.505928 sending message 112 to peer 0x55dd5459a090 (6 bytes)
1736332375.505930 sending message 112 to peer 0x55dd5459a090 (11 bytes)
1736332375.505932 sending message 112 to peer 0x55dd5459a090 (10 bytes)
1736332375.505933 sending message 112 to peer 0x55dd5459a090 (13 bytes)
1736332375.505935 sending message 112 to peer 0x55dd5459a090 (14 bytes)
1736332375.505937 sending message 112 to peer 0x55dd5459a090 (19 bytes)
1736332375.505939 sending message 112 to peer 0x55dd5459a090 (11 bytes)
1736332375.505941 sending message 112 to peer 0x55dd5459a090 (10 bytes)
1736332375.505943 sending message 112 to peer 0x55dd5459a090 (15 bytes)
1736332375.505944 sending message 112 to peer 0x55dd5459a090 (21 bytes)
1736332375.505946 sending message 112 to peer 0x55dd5459a090 (13 bytes)
1736332375.505948 sending message 112 to peer 0x55dd5459a090 (7 bytes)
1736332375.505950 sending message 112 to peer 0x55dd5459a090 (13 bytes)
1736332375.505952 sending message 112 to peer 0x55dd5459a090 (7 bytes)
1736332375.505953 sending message 112 to peer 0x55dd5459a090 (13 bytes)
1736332375.505955 sending message 112 to peer 0x55dd5459a090 (9 bytes)
1736332375.505957 sending message 112 to peer 0x55dd5459a090 (21 bytes)
1736332375.505959 sending message 112 to peer 0x55dd5459a090 (13 bytes)
1736332375.505961 sending message 112 to peer 0x55dd5459a090 (9 bytes)
1736332375.505962 sending message 112 to peer 0x55dd5459a090 (16 bytes)
1736332375.505964 sending message 112 to peer 0x55dd5459a090 (13 bytes)
1736332375.505966 sending message 112 to peer 0x55dd5459a090 (9 bytes)
1736332375.505968 sending message 112 to peer 0x55dd5459a090 (9 bytes)
1736332375.505969 sending message 112 to peer 0x55dd5459a090 (12 bytes)
1736332375.505971 sending message 112 to peer 0x55dd5459a090 (8 bytes)
1736332375.505973 sending message 112 to peer 0x55dd5459a090 (8 bytes)
1736332375.505975 sending message 112 to peer 0x55dd5459a090 (13 bytes)
1736332375.505977 sending message 112 to peer 0x55dd5459a090 (7 bytes)
1736332375.505979 sending message 112 to peer 0x55dd5459a090 (7 bytes)
1736332375.505980 sending message 112 to peer 0x55dd5459a090 (9 bytes)
1736332375.505982 sending message 112 to peer 0x55dd5459a090 (9 bytes)
1736332375.505984 sending message 112 to peer 0x55dd5459a090 (15 bytes)
1736332375.505986 sending message 112 to peer 0x55dd5459a090 (13 bytes)
1736332375.505988 sending message 112 to peer 0x55dd5459a090 (12 bytes)
1736332375.505989 sending message 112 to peer 0x55dd5459a090 (8 bytes)
1736332375.505991 sending message 112 to peer 0x55dd5459a090 (14 bytes)
1736332375.505993 sending message 112 to peer 0x55dd5459a090 (11 bytes)
1736332375.505995 sending message 112 to peer 0x55dd5459a090 (9 bytes)
1736332375.505997 sending message 112 to peer 0x55dd5459a090 (10 bytes)
1736332375.505999 sending message 112 to peer 0x55dd5459a090 (10 bytes)
1736332375.506000 sending message 112 to peer 0x55dd5459a090 (10 bytes)
1736332375.506007 sending message 112 to peer 0x55dd5459a090 (10 bytes)
1736332375.506009 sending message 112 to peer 0x55dd5459a090 (11 bytes)
1736332375.506011 sending message 112 to peer 0x55dd5459a090 (12 bytes)
1736332375.506013 sending message 112 to peer 0x55dd5459a090 (12 bytes)
1736332375.506014 sending message 112 to peer 0x55dd5459a090 (12 bytes)
1736332375.506016 sending message 112 to peer 0x55dd5459a090 (12 bytes)
1736332375.506037 sending message 112 to peer 0x55dd5459a090 (12 bytes)
1736332375.506040 sending message 112 to peer 0x55dd5459a090 (11 bytes)
1736332375.506042 sending message 112 to peer 0x55dd5459a090 (11 bytes)
1736332375.506044 sending message 112 to peer 0x55dd5459a090 (12 bytes)
1736332375.506046 sending message 112 to peer 0x55dd5459a090 (12 bytes)
1736332375.506048 sending message 112 to peer 0x55dd5459a090 (12 bytes)
1736332375.506050 sending message 112 to peer 0x55dd5459a090 (12 bytes)
1736332375.506052 sending message 112 to peer 0x55dd5459a090 (12 bytes)
1736332375.506054 sending message 112 to peer 0x55dd5459a090 (9 bytes)
1736332375.506056 sending message 112 to peer 0x55dd5459a090 (12 bytes)
1736332375.506058 sending message 112 to peer 0x55dd5459a090 (13 bytes)
1736332375.506060 sending message 112 to peer 0x55dd5459a090 (13 bytes)
1736332375.506062 sending message 112 to peer 0x55dd5459a090 (13 bytes)
1736332375.506063 sending message 112 to peer 0x55dd5459a090 (13 bytes)
1736332375.506065 sending message 112 to peer 0x55dd5459a090 (13 bytes)
1736332375.506067 sending message 112 to peer 0x55dd5459a090 (8 bytes)
1736332375.506069 sending message 112 to peer 0x55dd5459a090 (11 bytes)
1736332375.506071 sending message 112 to peer 0x55dd5459a090 (11 bytes)
1736332375.506073 sending message 112 to peer 0x55dd5459a090 (11 bytes)
1736332375.506075 sending message 112 to peer 0x55dd5459a090 (12 bytes)
1736332375.506077 sending message 112 to peer 0x55dd5459a090 (12 bytes)
1736332375.506079 sending message 112 to peer 0x55dd5459a090 (12 bytes)
1736332375.506081 sending message 112 to peer 0x55dd5459a090 (12 bytes)
1736332375.506083 sending message 112 to peer 0x55dd5459a090 (13 bytes)
1736332375.506085 sending message 112 to peer 0x55dd5459a090 (13 bytes)
1736332375.506087 sending message 112 to peer 0x55dd5459a090 (13 bytes)
1736332375.506089 sending message 112 to peer 0x55dd5459a090 (8 bytes)
1736332375.506091 sending message 112 to peer 0x55dd5459a090 (13 bytes)
1736332375.506093 sending message 112 to peer 0x55dd5459a090 (13 bytes)
1736332375.506095 sending message 112 to peer 0x55dd5459a090 (13 bytes)
1736332375.506097 sending message 112 to peer 0x55dd5459a090 (13 bytes)
1736332375.506099 sending message 112 to peer 0x55dd5459a090 (13 bytes)
1736332375.506101 sending message 112 to peer 0x55dd5459a090 (12 bytes)
1736332375.506102 sending message 112 to peer 0x55dd5459a090 (12 bytes)
1736332375.506104 sending message 112 to peer 0x55dd5459a090 (12 bytes)
1736332375.506107 sending message 112 to peer 0x55dd5459a090 (12 bytes)
1736332375.506108 sending message 112 to peer 0x55dd5459a090 (13 bytes)
1736332375.506110 sending message 112 to peer 0x55dd5459a090 (8 bytes)
1736332375.506112 sending message 112 to peer 0x55dd5459a090 (13 bytes)
1736332375.506114 sending message 112 to peer 0x55dd5459a090 (13 bytes)
1736332375.506116 sending message 112 to peer 0x55dd5459a090 (13 bytes)
1736332375.506118 sending message 112 to peer 0x55dd5459a090 (13 bytes)
1736332375.506120 sending message 112 to peer 0x55dd5459a090 (13 bytes)
1736332375.506122 sending message 112 to peer 0x55dd5459a090 (13 bytes)
1736332375.506124 sending message 112 to peer 0x55dd5459a090 (13 bytes)
1736332375.506126 sending message 112 to peer 0x55dd5459a090 (12 bytes)
1736332375.506145 sending message 112 to peer 0x55dd5459a090 (12 bytes)
1736332375.506148 sending message 112 to peer 0x55dd5459a090 (12 bytes)
1736332375.506150 sending message 112 to peer 0x55dd5459a090 (8 bytes)
1736332375.506152 sending message 112 to peer 0x55dd5459a090 (12 bytes)
1736332375.506154 sending message 112 to peer 0x55dd5459a090 (13 bytes)
1736332375.506160 sending message 112 to peer 0x55dd5459a090 (13 bytes)
1736332375.506166 sending message 112 to peer 0x55dd5459a090 (13 bytes)
1736332375.506168 sending message 112 to peer 0x55dd5459a090 (13 bytes)
1736332375.506170 sending message 112 to peer 0x55dd5459a090 (13 bytes)
1736332375.506172 sending message 112 to peer 0x55dd5459a090 (13 bytes)
1736332375.506174 sending message 112 to peer 0x55dd5459a090 (13 bytes)
1736332375.506176 sending message 112 to peer 0x55dd5459a090 (13 bytes)
1736332375.506178 sending message 112 to peer 0x55dd5459a090 (12 bytes)
1736332375.506180 sending message 112 to peer 0x55dd5459a090 (10 bytes)
1736332375.506182 sending message 112 to peer 0x55dd5459a090 (12 bytes)
1736332375.506184 sending message 112 to peer 0x55dd5459a090 (12 bytes)
1736332375.506185 sending message 112 to peer 0x55dd5459a090 (12 bytes)
1736332375.506187 sending message 112 to peer 0x55dd5459a090 (13 bytes)
1736332375.506189 sending message 112 to peer 0x55dd5459a090 (13 bytes)
1736332375.506191 sending message 112 to peer 0x55dd5459a090 (13 bytes)
1736332375.506193 sending message 112 to peer 0x55dd5459a090 (13 bytes)
1736332375.506195 sending message 112 to peer 0x55dd5459a090 (13 bytes)
1736332375.506196 sending message 112 to peer 0x55dd5459a090 (13 bytes)
1736332375.506198 sending message 112 to peer 0x55dd5459a090 (13 bytes)
1736332375.506200 sending message 112 to peer 0x55dd5459a090 (10 bytes)
1736332375.506202 sending message 112 to peer 0x55dd5459a090 (13 bytes)
1736332375.506203 sending message 112 to peer 0x55dd5459a090 (12 bytes)
1736332375.506205 sending message 112 to peer 0x55dd5459a090 (12 bytes)
1736332375.506207 sending message 112 to peer 0x55dd5459a090 (12 bytes)
1736332375.506209 sending message 112 to peer 0x55dd5459a090 (10 bytes)
1736332375.506211 sending message 112 to peer 0x55dd5459a090 (10 bytes)
1736332375.506212 sending message 112 to peer 0x55dd5459a090 (10 bytes)
1736332375.506214 sending message 112 to peer 0x55dd5459a090 (12 bytes)
1736332375.506239 sending message 112 to peer 0x55dd5459a090 (13 bytes)
1736332375.506245 sending message 112 to peer 0x55dd5459a090 (13 bytes)
1736332375.506247 sending message 112 to peer 0x55dd5459a090 (13 bytes)
1736332375.506249 sending message 112 to peer 0x55dd5459a090 (13 bytes)
1736332375.506251 sending message 112 to peer 0x55dd5459a090 (13 bytes)
1736332375.506253 sending message 112 to peer 0x55dd5459a090 (10 bytes)
1736332375.506255 sending message 112 to peer 0x55dd5459a090 (11 bytes)
1736332375.506257 sending message 112 to peer 0x55dd5459a090 (12 bytes)
1736332375.506259 sending message 112 to peer 0x55dd5459a090 (12 bytes)
1736332375.506261 sending message 112 to peer 0x55dd5459a090 (12 bytes)
1736332375.506263 sending message 112 to peer 0x55dd5459a090 (12 bytes)
1736332375.506265 sending message 112 to peer 0x55dd5459a090 (12 bytes)
1736332375.506267 sending message 112 to peer 0x55dd5459a090 (11 bytes)
1736332375.506268 sending message 112 to peer 0x55dd5459a090 (12 bytes)
1736332375.506270 sending message 112 to peer 0x55dd5459a090 (12 bytes)
1736332375.506272 sending message 112 to peer 0x55dd5459a090 (13 bytes)
1736332375.506274 sending message 112 to peer 0x55dd5459a090 (13 bytes)
1736332375.506276 sending message 112 to peer 0x55dd5459a090 (13 bytes)
1736332375.506278 sending message 112 to peer 0x55dd5459a090 (13 bytes)
1736332375.506279 sending message 112 to peer 0x55dd5459a090 (13 bytes)
1736332375.506281 sending message 112 to peer 0x55dd5459a090 (10 bytes)
1736332375.506283 sending message 112 to peer 0x55dd5459a090 (9 bytes)
1736332375.506285 sending message 112 to peer 0x55dd5459a090 (12 bytes)
1736332375.506287 sending message 112 to peer 0x55dd5459a090 (13 bytes)
1736332375.506289 sending message 112 to peer 0x55dd5459a090 (13 bytes)
1736332375.506291 sending message 112 to peer 0x55dd5459a090 (13 bytes)
1736332375.506293 sending message 112 to peer 0x55dd5459a090 (13 bytes)
1736332375.506295 sending message 112 to peer 0x55dd5459a090 (13 bytes)
1736332375.506297 sending message 112 to peer 0x55dd5459a090 (9 bytes)
1736332375.506303 sending message 112 to peer 0x55dd5459a090 (12 bytes)
1736332375.506305 sending message 112 to peer 0x55dd5459a090 (13 bytes)
1736332375.506307 sending message 112 to peer 0x55dd5459a090 (13 bytes)
1736332375.506309 sending message 112 to peer 0x55dd5459a090 (13 bytes)
1736332375.506311 sending message 112 to peer 0x55dd5459a090 (13 bytes)
1736332375.506313 sending message 112 to peer 0x55dd5459a090 (13 bytes)
1736332375.506315 sending message 112 to peer 0x55dd5459a090 (11 bytes)
1736332375.506317 sending message 112 to peer 0x55dd5459a090 (12 bytes)
1736332375.506319 sending message 112 to peer 0x55dd5459a090 (13 bytes)
1736332375.506320 sending message 112 to peer 0x55dd5459a090 (13 bytes)
1736332375.506322 sending message 112 to peer 0x55dd5459a090 (13 bytes)
1736332375.506324 sending message 112 to peer 0x55dd5459a090 (13 bytes)
1736332375.506326 sending message 112 to peer 0x55dd5459a090 (13 bytes)
1736332375.506328 sending message 112 to peer 0x55dd5459a090 (11 bytes)
1736332375.506330 sending message 112 to peer 0x55dd5459a090 (12 bytes)
1736332375.506332 sending message 112 to peer 0x55dd5459a090 (12 bytes)
1736332375.506334 sending message 112 to peer 0x55dd5459a090 (12 bytes)
1736332375.506336 sending message 112 to peer 0x55dd5459a090 (12 bytes)
1736332375.506338 sending message 112 to peer 0x55dd5459a090 (12 bytes)
1736332375.506340 sending message 112 to peer 0x55dd5459a090 (21 bytes)
1736332375.506342 sending message 112 to peer 0x55dd5459a090 (12 bytes)
1736332375.506344 sending message 112 to peer 0x55dd5459a090 (9 bytes)
1736332375.506346 sending message 112 to peer 0x55dd5459a090 (6 bytes)
1736332375.506347 sending message 112 to peer 0x55dd5459a090 (13 bytes)
1736332375.506349 sending message 112 to peer 0x55dd5459a090 (10 bytes)
1736332375.506351 sending message 112 to peer 0x55dd5459a090 (24 bytes)
1736332375.506353 sending message 112 to peer 0x55dd5459a090 (13 bytes)
1736332375.506355 sending message 112 to peer 0x55dd5459a090 (9 bytes)
1736332375.506357 sending message 112 to peer 0x55dd5459a090 (70 bytes)
1736332375.506359 sending message 112 to peer 0x55dd5459a090 (69 bytes)
1736332375.506361 sending message 112 to peer 0x55dd5459a090 (12 bytes)
1736332375.506363 sending message 112 to peer 0x55dd5459a090 (10 bytes)
1736332375.506365 sending message 112 to peer 0x55dd5459a090 (10 bytes)
1736332375.506367 sending message 112 to peer 0x55dd5459a090 (24 bytes)
1736332375.506369 sending message 112 to peer 0x55dd5459a090 (13 bytes)
1736332375.506371 sending message 112 to peer 0x55dd5459a090 (10 bytes)
1736332375.506373 sending message 112 to peer 0x55dd5459a090 (10 bytes)
1736332375.506375 sending message 112 to peer 0x55dd5459a090 (10 bytes)
1736332375.506377 sending message 112 to peer 0x55dd5459a090 (13 bytes)
1736332375.506379 sending message 112 to peer 0x55dd5459a090 (15 bytes)
1736332375.506381 sending message 112 to peer 0x55dd5459a090 (5 bytes)
1736332375.506384 sending message 104 to peer 0x55dd5459a090 (0 bytes)
1736332375.506386 sending message 110 to peer 0x55dd5459a090 (0 bytes)
1736332375.506389 sending message 107 to peer 0x55dd5459a090 (4 bytes)
1736332375.506391 sending message 105 to peer 0x55dd5459a090 (20 bytes)
1736332375.506393 sending message 105 to peer 0x55dd5459a090 (32 bytes)
1736332375.506395 sending message 105 to peer 0x55dd5459a090 (8 bytes)
1736332375.506397 sending message 105 to peer 0x55dd5459a090 (61 bytes)
1736332375.506398 sending message 105 to peer 0x55dd5459a090 (34 bytes)
1736332375.506400 sending message 105 to peer 0x55dd5459a090 (24 bytes)
1736332375.506402 sending message 105 to peer 0x55dd5459a090 (25 bytes)
1736332375.506404 sending message 105 to peer 0x55dd5459a090 (29 bytes)
1736332375.506406 sending message 105 to peer 0x55dd5459a090 (37 bytes)
1736332375.506408 sending message 105 to peer 0x55dd5459a090 (48 bytes)
1736332375.506410 sending message 105 to peer 0x55dd5459a090 (20 bytes)
1736332375.506412 sending message 105 to peer 0x55dd5459a090 (24 bytes)
1736332375.506414 sending message 105 to peer 0x55dd5459a090 (29 bytes)
1736332375.506418 sending message 105 to peer 0x55dd5459a090 (42 bytes)
1736332375.506419 sending message 105 to peer 0x55dd5459a090 (59 bytes)
1736332375.506421 sending message 105 to peer 0x55dd5459a090 (28 bytes)
1736332375.506423 sending message 105 to peer 0x55dd5459a090 (12 bytes)
1736332375.506425 sending message 105 to peer 0x55dd5459a090 (68 bytes)
1736332375.506427 sending message 105 to peer 0x55dd5459a090 (21 bytes)
1736332375.506429 sending message 105 to peer 0x55dd5459a090 (24 bytes)
1736332375.506431 sending message 105 to peer 0x55dd5459a090 (14 bytes)
1736332375.506433 sending message 105 to peer 0x55dd5459a090 (66 bytes)
1736332375.506434 sending message 105 to peer 0x55dd5459a090 (17 bytes)
1736332375.506436 sending message 105 to peer 0x55dd5459a090 (13 bytes)
1736332375.506438 sending message 105 to peer 0x55dd5459a090 (36 bytes)
1736332375.506440 sending message 105 to peer 0x55dd5459a090 (1817 bytes)
1736332375.506449 sending message 105 to peer 0x55dd5459a090 (26 bytes)
1736332375.506451 sending message 105 to peer 0x55dd5459a090 (58 bytes)
1736332375.506453 sending message 105 to peer 0x55dd5459a090 (27 bytes)
1736332375.506455 sending message 105 to peer 0x55dd5459a090 (72 bytes)
1736332375.506457 sending message 105 to peer 0x55dd5459a090 (25 bytes)
1736332375.506459 sending message 105 to peer 0x55dd5459a090 (34 bytes)
1736332375.506460 sending message 105 to peer 0x55dd5459a090 (20 bytes)
1736332375.506462 sending message 105 to peer 0x55dd5459a090 (65 bytes)
1736332375.506464 sending message 105 to peer 0x55dd5459a090 (32 bytes)
1736332375.506466 sending message 105 to peer 0x55dd5459a090 (11 bytes)
1736332375.506468 sending message 105 to peer 0x55dd5459a090 (14 bytes)
1736332375.506470 sending message 105 to peer 0x55dd5459a090 (73 bytes)
1736332375.506472 sending message 105 to peer 0x55dd5459a090 (46 bytes)
1736332375.506473 sending message 105 to peer 0x55dd5459a090 (71 bytes)
1736332375.506475 sending message 105 to peer 0x55dd5459a090 (11 bytes)
1736332375.506477 sending message 105 to peer 0x55dd5459a090 (8 bytes)
1736332375.506479 sending message 105 to peer 0x55dd5459a090 (14 bytes)
1736332375.506481 sending message 105 to peer 0x55dd5459a090 (11 bytes)
1736332375.506483 sending message 105 to peer 0x55dd5459a090 (17 bytes)
1736332375.506485 sending message 105 to peer 0x55dd5459a090 (32 bytes)
1736332375.506487 sending message 105 to peer 0x55dd5459a090 (33 bytes)
1736332375.506488 sending message 105 to peer 0x55dd5459a090 (65 bytes)
1736332375.506490 sending message 105 to peer 0x55dd5459a090 (25 bytes)
1736332375.506492 sending message 105 to peer 0x55dd5459a090 (3222 bytes)
1736332375.506495 sending message 105 to peer 0x55dd5459a090 (24 bytes)
1736332375.506497 sending message 105 to peer 0x55dd5459a090 (54 bytes)
1736332375.506499 sending message 105 to peer 0x55dd5459a090 (184 bytes)
1736332375.506501 sending message 105 to peer 0x55dd5459a090 (52 bytes)
1736332375.506503 sending message 105 to peer 0x55dd5459a090 (16 bytes)
1736332375.506504 sending message 105 to peer 0x55dd5459a090 (40 bytes)
1736332375.506506 sending message 105 to peer 0x55dd5459a090 (53 bytes)
1736332375.506508 sending message 105 to peer 0x55dd5459a090 (44 bytes)
1736332375.506510 sending message 105 to peer 0x55dd5459a090 (18 bytes)
1736332375.506512 sending message 105 to peer 0x55dd5459a090 (16 bytes)
1736332375.506514 sending message 106 to peer 0x55dd5459a090 (0 bytes)
1736332375.506559 sending message 200 to peer 0x55dd5459a090 (4 bytes)
1736332375.506563 client loop enter
1736332375.507057 peer 0x55dd5459a090 message 303
1736332375.507063 open write file 2 -
1736332375.507097 sending message 305 to peer 0x55dd5459a090 (8 bytes)
1736332375.507127 write check file 2
1736332375.507283 peer 0x55dd5459a090 message 304
1736332375.507289 write 58 to file 2
1736332375.507292 peer 0x55dd5459a090 message 203
1736332375.507294 file 2 58 bytes left
1736332375.507322 write check file 2
1736332375.507326 client loop exit
